Apr 15 19:29:56 ip-172-31-37-255 web[2325]: > aulas-ironhouse@0.1.0 start
Apr 15 19:29:56 ip-172-31-37-255 web[2325]: > react-scripts start
Apr 15 19:30:00 ip-172-31-37-255 web[2383]: (node:2383) [DEP_WEBPACK_DEV_SERVER_ON_AFTER_SETUP_MIDDLEWARE] DeprecationWarning: 'onAfterSetupMiddleware' option is deprecated. Please use the 'setupMiddlewares' option.
Apr 15 19:30:00 ip-172-31-37-255 web[2383]: (Use `node-18 --trace-deprecation ...` to show where the warning was created)
Apr 15 19:30:00 ip-172-31-37-255 web[2383]: (node:2383) [DEP_WEBPACK_DEV_SERVER_ON_BEFORE_SETUP_MIDDLEWARE] DeprecationWarning: 'onBeforeSetupMiddleware' option is deprecated. Please use the 'setupMiddlewares' option.
Apr 15 19:30:02 ip-172-31-37-255 web[2383]: Starting the development server...
Apr 15 19:30:20 ip-172-31-37-255 web[2383]: Compiled with warnings.
Apr 15 19:30:20 ip-172-31-37-255 web[2383]: [eslint]
Apr 15 19:30:20 ip-172-31-37-255 web[2383]: src/App.jsx
Apr 15 19:30:20 ip-172-31-37-255 web[2383]:  Line 19:43:  'canAccess' is assigned a value but never used  no-unused-vars
Apr 15 19:30:20 ip-172-31-37-255 web[2383]: src/components/CadastroExercicio.jsx
Apr 15 19:30:20 ip-172-31-37-255 web[2383]:  Line 22:24:  'setMusculaturas' is assigned a value but never used  no-unused-vars
Apr 15 19:30:20 ip-172-31-37-255 web[2383]: src/components/Cadastros.jsx
Apr 15 19:30:20 ip-172-31-37-255 web[2383]:  Line 5:10:  'voltarPagina' is defined but never used  no-unused-vars
Apr 15 19:30:20 ip-172-31-37-255 web[2383]:  Line 5:24:  'navegarPara' is defined but never used   no-unused-vars
Apr 15 19:30:20 ip-172-31-37-255 web[2383]: src/components/Geral.jsx
Apr 15 19:30:20 ip-172-31-37-255 web[2383]:  Line 5:3:    'voltarPagina' is defined but never used                                                                                                                                                                                                                                                                               no-unused-vars
Apr 15 19:30:20 ip-172-31-37-255 web[2383]:  Line 8:3:    'navegarPara' is defined but never used                                                                                                                                                                                                                                                                                no-unused-vars
Apr 15 19:30:20 ip-172-31-37-255 web[2383]:  Line 26:10:  'paginaAtual' is assigned a value but never used                                                                                                                                                                                                                                                                       no-unused-vars
Apr 15 19:30:20 ip-172-31-37-255 web[2383]:  Line 27:9:   'itensPorPagina' is assigned a value but never used                                                                                                                                                                                                                                                                    no-unused-vars
Apr 15 19:30:20 ip-172-31-37-255 web[2383]:  Line 28:10:  'showConfirmCancelar' is assigned a value but never used                                                                                                                                                                                                                                                               no-unused-vars
Apr 15 19:30:20 ip-172-31-37-255 web[2383]:  Line 32:10:  'activeDropdown' is assigned a value but never used                                                                                                                                                                                                                                                                    no-unused-vars
Apr 15 19:30:20 ip-172-31-37-255 web[2383]:  Line 67:9:   'atualizarHistoricoProfessores' is assigned a value but never used                                                                                                                                                                                                                                                     no-unused-vars
Apr 15 19:30:20 ip-172-31-37-255 web[2383]:  Line 234:6:  React Hook useEffect has missing dependencies: 'atualizarAlunosEmAula', 'todosAlunos', 'todosExercicios', and 'todosProfessores'. Either include them or remove the dependency array. If 'atualizarAlunosEmAula' changes too often, find the parent component that defines it and wrap that definition in useCallback  react-hooks/exhaustive-deps
Apr 15 19:30:20 ip-172-31-37-255 web[2383]:  Line 352:9:  'abrirSelecao' is assigned a value but never used                                                                                                                                                                                                                                                                      no-unused-vars
Apr 15 19:30:20 ip-172-31-37-255 web[2383]:  Line 426:9:  'isExercicioSelecionado' is assigned a value but never used                                                                                                                                                                                                                                                            no-unused-vars
Apr 15 19:30:20 ip-172-31-37-255 web[2383]:  Line 641:9:  'confirmarCancelarAula' is assigned a value but never used                                                                                                                                                                                                                                                             no-unused-vars
Apr 15 19:30:20 ip-172-31-37-255 web[2383]:  Line 811:9:  'totalAulasAtuais' is assigned a value but never used                                                                                                                                                                                                                                                                  no-unused-vars
Apr 15 19:30:20 ip-172-31-37-255 web[2383]: src/components/GerenciamentoProfessores.jsx
Apr 15 19:30:20 ip-172-31-37-255 web[2383]:  Line 3:10:   'voltarPagina' is defined but never used                                                                        no-unused-vars
Apr 15 19:30:20 ip-172-31-37-255 web[2383]:  Line 71:6:   React Hook useEffect has a missing dependency: 'professores'. Either include it or remove the dependency array  react-hooks/exhaustive-deps
Apr 15 19:30:20 ip-172-31-37-255 web[2383]:  Line 279:9:  'toggleDropdown' is assigned a value but never used                                                             no-unused-vars
Apr 15 19:30:20 ip-172-31-37-255 web[2383]: src/components/HistoricoAlunos.jsx
Apr 15 19:30:20 ip-172-31-37-255 web[2383]:  Line 5:8:    'Geral' is defined but never used          no-unused-vars
Apr 15 19:30:20 ip-172-31-37-255 web[2383]:  Line 13:11:  'user' is assigned a value but never used  no-unused-vars
Apr 15 19:30:20 ip-172-31-37-255 web[2383]: Search for the keywords to learn more about each warning.
Apr 15 19:30:20 ip-172-31-37-255 web[2383]: To ignore, add // eslint-disable-next-line to the line before.
Apr 15 19:30:21 ip-172-31-37-255 web[2383]: WARNING in [eslint]
Apr 15 19:30:21 ip-172-31-37-255 web[2383]: src/App.jsx
Apr 15 19:30:21 ip-172-31-37-255 web[2383]:  Line 19:43:  'canAccess' is assigned a value but never used  no-unused-vars
Apr 15 19:30:21 ip-172-31-37-255 web[2383]: src/components/CadastroExercicio.jsx
Apr 15 19:30:21 ip-172-31-37-255 web[2383]:  Line 22:24:  'setMusculaturas' is assigned a value but never used  no-unused-vars
Apr 15 19:30:21 ip-172-31-37-255 web[2383]: src/components/Cadastros.jsx
Apr 15 19:30:21 ip-172-31-37-255 web[2383]:  Line 5:10:  'voltarPagina' is defined but never used  no-unused-vars
Apr 15 19:30:21 ip-172-31-37-255 web[2383]:  Line 5:24:  'navegarPara' is defined but never used   no-unused-vars
Apr 15 19:30:21 ip-172-31-37-255 web[2383]: src/components/Geral.jsx
Apr 15 19:30:21 ip-172-31-37-255 web[2383]:  Line 5:3:    'voltarPagina' is defined but never used                                                                                                                                                                                                                                                                               no-unused-vars
Apr 15 19:30:21 ip-172-31-37-255 web[2383]:  Line 8:3:    'navegarPara' is defined but never used                                                                                                                                                                                                                                                                                no-unused-vars
Apr 15 19:30:21 ip-172-31-37-255 web[2383]:  Line 26:10:  'paginaAtual' is assigned a value but never used                                                                                                                                                                                                                                                                       no-unused-vars
Apr 15 19:30:21 ip-172-31-37-255 web[2383]:  Line 27:9:   'itensPorPagina' is assigned a value but never used                                                                                                                                                                                                                                                                    no-unused-vars
Apr 15 19:30:21 ip-172-31-37-255 web[2383]:  Line 28:10:  'showConfirmCancelar' is assigned a value but never used                                                                                                                                                                                                                                                               no-unused-vars
Apr 15 19:30:21 ip-172-31-37-255 web[2383]:  Line 32:10:  'activeDropdown' is assigned a value but never used                                                                                                                                                                                                                                                                    no-unused-vars
Apr 15 19:30:21 ip-172-31-37-255 web[2383]:  Line 67:9:   'atualizarHistoricoProfessores' is assigned a value but never used                                                                                                                                                                                                                                                     no-unused-vars
Apr 15 19:30:21 ip-172-31-37-255 web[2383]:  Line 234:6:  React Hook useEffect has missing dependencies: 'atualizarAlunosEmAula', 'todosAlunos', 'todosExercicios', and 'todosProfessores'. Either include them or remove the dependency array. If 'atualizarAlunosEmAula' changes too often, find the parent component that defines it and wrap that definition in useCallback  react-hooks/exhaustive-deps
Apr 15 19:30:21 ip-172-31-37-255 web[2383]:  Line 352:9:  'abrirSelecao' is assigned a value but never used                                                                                                                                                                                                                                                                      no-unused-vars
Apr 15 19:30:21 ip-172-31-37-255 web[2383]:  Line 426:9:  'isExercicioSelecionado' is assigned a value but never used                                                                                                                                                                                                                                                            no-unused-vars
Apr 15 19:30:21 ip-172-31-37-255 web[2383]:  Line 641:9:  'confirmarCancelarAula' is assigned a value but never used                                                                                                                                                                                                                                                             no-unused-vars
Apr 15 19:30:21 ip-172-31-37-255 web[2383]:  Line 811:9:  'totalAulasAtuais' is assigned a value but never used                                                                                                                                                                                                                                                                  no-unused-vars
Apr 15 19:30:21 ip-172-31-37-255 web[2383]: src/components/GerenciamentoProfessores.jsx
Apr 15 19:30:21 ip-172-31-37-255 web[2383]:  Line 3:10:   'voltarPagina' is defined but never used                                                                        no-unused-vars
Apr 15 19:30:21 ip-172-31-37-255 web[2383]:  Line 71:6:   React Hook useEffect has a missing dependency: 'professores'. Either include it or remove the dependency array  react-hooks/exhaustive-deps
Apr 15 19:30:21 ip-172-31-37-255 web[2383]:  Line 279:9:  'toggleDropdown' is assigned a value but never used                                                             no-unused-vars
Apr 15 19:30:21 ip-172-31-37-255 web[2383]: src/components/HistoricoAlunos.jsx
Apr 15 19:30:21 ip-172-31-37-255 web[2383]:  Line 5:8:    'Geral' is defined but never used          no-unused-vars
Apr 15 19:30:21 ip-172-31-37-255 web[2383]:  Line 13:11:  'user' is assigned a value but never used  no-unused-vars
Apr 15 19:30:21 ip-172-31-37-255 web[2383]: webpack compiled with 1 warning
